0 info it worked if it ends with ok
1 verbose cli [ '/Users/rc/.nvm/versions/node/v6.9.5/bin/node',
1 verbose cli   '/Users/rc/.nvm/versions/node/v6.9.5/bin/npm',
1 verbose cli   'run',
1 verbose cli   'serve' ]
2 info using npm@3.10.10
3 info using node@v6.9.5
4 verbose run-script [ 'preserve', 'serve', 'postserve' ]
5 info lifecycle chat-server@1.0.0~preserve: chat-server@1.0.0
6 silly lifecycle chat-server@1.0.0~preserve: no script for preserve, continuing
7 info lifecycle chat-server@1.0.0~serve: chat-server@1.0.0
8 verbose lifecycle chat-server@1.0.0~serve: unsafe-perm in lifecycle true
9 verbose lifecycle chat-server@1.0.0~serve: PATH: /Users/rc/.nvm/versions/node/v6.9.5/lib/node_modules/npm/bin/node-gyp-bin:/Applications/work/easy-chat/im-tool/server/chat-server/node_modules/.bin:/Users/rc/.nvm/versions/node/v6.9.5/bin:/Library/Frameworks/Python.framework/Versions/3.7/bin:/usr/local/bin:/usr/bin:/bin:/usr/sbin:/sbin:/Library/Apple/usr/bin:/Library/Apple/bin:/Applications/VMware Fusion.app/Contents/Public:/Applications/Wireshark.app/Contents/MacOS:/Users/rc/GitReview/arcanist/bin/
10 verbose lifecycle chat-server@1.0.0~serve: CWD: /Applications/work/easy-chat/im-tool/server/chat-server
11 silly lifecycle chat-server@1.0.0~serve: Args: [ '-c', 'node ./src/index.js' ]
12 silly lifecycle chat-server@1.0.0~serve: Returned: code: 1  signal: null
13 info lifecycle chat-server@1.0.0~serve: Failed to exec serve script
14 verbose stack Error: chat-server@1.0.0 serve: `node ./src/index.js`
14 verbose stack Exit status 1
14 verbose stack     at EventEmitter.<anonymous> (/Users/rc/.nvm/versions/node/v6.9.5/lib/node_modules/npm/lib/utils/lifecycle.js:255:16)
14 verbose stack     at emitTwo (events.js:106:13)
14 verbose stack     at EventEmitter.emit (events.js:191:7)
14 verbose stack     at ChildProcess.<anonymous> (/Users/rc/.nvm/versions/node/v6.9.5/lib/node_modules/npm/lib/utils/spawn.js:40:14)
14 verbose stack     at emitTwo (events.js:106:13)
14 verbose stack     at ChildProcess.emit (events.js:191:7)
14 verbose stack     at maybeClose (internal/child_process.js:877:16)
14 verbose stack     at Process.ChildProcess._handle.onexit (internal/child_process.js:226:5)
15 verbose pkgid chat-server@1.0.0
16 verbose cwd /Applications/work/easy-chat/im-tool/server/chat-server
17 error Darwin 19.0.0
18 error argv "/Users/rc/.nvm/versions/node/v6.9.5/bin/node" "/Users/rc/.nvm/versions/node/v6.9.5/bin/npm" "run" "serve"
19 error node v6.9.5
20 error npm  v3.10.10
21 error code ELIFECYCLE
22 error chat-server@1.0.0 serve: `node ./src/index.js`
22 error Exit status 1
23 error Failed at the chat-server@1.0.0 serve script 'node ./src/index.js'.
23 error Make sure you have the latest version of node.js and npm installed.
23 error If you do, this is most likely a problem with the chat-server package,
23 error not with npm itself.
23 error Tell the author that this fails on your system:
23 error     node ./src/index.js
23 error You can get information on how to open an issue for this project with:
23 error     npm bugs chat-server
23 error Or if that isn't available, you can get their info via:
23 error     npm owner ls chat-server
23 error There is likely additional logging output above.
24 verbose exit [ 1, true ]
